0 verbose cli C:\Program Files\nodejs\node.exe C:\Program Files\nodejs\node_modules\npm\bin\npm-cli.js
1 info using npm@10.7.0
2 info using node@v20.14.0
3 silly config:load:file:C:\Program Files\nodejs\node_modules\npm\npmrc
4 silly config:load:file:E:\Programming\ITI\FINAL PROJECT\courses-app-angular\admin-control\.npmrc
5 silly config:load:file:C:\Users\MOON\.npmrc
6 silly config:load:file:C:\Users\MOON\AppData\Roaming\npm\etc\npmrc
7 verbose title npm install @angular/animations
8 verbose argv "install" "@angular/animations" "--legacy-peer-deps"
9 verbose logfile logs-max:10 dir:E:\Programming\ITI\FINAL PROJECT\courses-app-angular\admin-control\npm-cache\_logs\2025-04-06T16_27_40_226Z-
10 verbose logfile E:\Programming\ITI\FINAL PROJECT\courses-app-angular\admin-control\npm-cache\_logs\2025-04-06T16_27_40_226Z-debug-0.log
11 silly logfile done cleaning log files
12 silly idealTree buildDeps
13 silly fetch manifest @angular/animations@*
14 http fetch GET 200 https://registry.npmjs.org/@angular%2fanimations 383ms (cache hit)
15 silly placeDep ROOT @angular/animations@19.2.5 OK for: admin-control@0.0.0 want: *
16 silly reify mark retired [
16 silly reify   'E:\\Programming\\ITI\\FINAL PROJECT\\courses-app-angular\\admin-control\\node_modules\\jiti',
16 silly reify   'E:\\Programming\\ITI\\FINAL PROJECT\\courses-app-angular\\admin-control\\node_modules\\.bin\\jiti',
16 silly reify   'E:\\Programming\\ITI\\FINAL PROJECT\\courses-app-angular\\admin-control\\node_modules\\.bin\\jiti.cmd',
16 silly reify   'E:\\Programming\\ITI\\FINAL PROJECT\\courses-app-angular\\admin-control\\node_modules\\.bin\\jiti.ps1'
16 silly reify ]
17 silly reify mark retired [
17 silly reify   'E:\\Programming\\ITI\\FINAL PROJECT\\courses-app-angular\\admin-control\\node_modules\\lightningcss'
17 silly reify ]
18 silly reify mark retired [
18 silly reify   'E:\\Programming\\ITI\\FINAL PROJECT\\courses-app-angular\\admin-control\\node_modules\\lightningcss-win32-x64-msvc'
18 silly reify ]
19 silly reify mark retired [
19 silly reify   'E:\\Programming\\ITI\\FINAL PROJECT\\courses-app-angular\\admin-control\\node_modules\\vite',
19 silly reify   'E:\\Programming\\ITI\\FINAL PROJECT\\courses-app-angular\\admin-control\\node_modules\\.bin\\vite',
19 silly reify   'E:\\Programming\\ITI\\FINAL PROJECT\\courses-app-angular\\admin-control\\node_modules\\.bin\\vite.cmd',
19 silly reify   'E:\\Programming\\ITI\\FINAL PROJECT\\courses-app-angular\\admin-control\\node_modules\\.bin\\vite.ps1'
19 silly reify ]
20 silly reify mark retired [
20 silly reify   'E:\\Programming\\ITI\\FINAL PROJECT\\courses-app-angular\\admin-control\\node_modules\\yaml',
20 silly reify   'E:\\Programming\\ITI\\FINAL PROJECT\\courses-app-angular\\admin-control\\node_modules\\.bin\\yaml',
20 silly reify   'E:\\Programming\\ITI\\FINAL PROJECT\\courses-app-angular\\admin-control\\node_modules\\.bin\\yaml.cmd',
20 silly reify   'E:\\Programming\\ITI\\FINAL PROJECT\\courses-app-angular\\admin-control\\node_modules\\.bin\\yaml.ps1'
20 silly reify ]
21 silly reify moves {
21 silly reify   'E:\\Programming\\ITI\\FINAL PROJECT\\courses-app-angular\\admin-control\\node_modules\\jiti': 'E:\\Programming\\ITI\\FINAL PROJECT\\courses-app-angular\\admin-control\\node_modules\\.jiti-EmyCoDIF',
21 silly reify   'E:\\Programming\\ITI\\FINAL PROJECT\\courses-app-angular\\admin-control\\node_modules\\.bin\\jiti': 'E:\\Programming\\ITI\\FINAL PROJECT\\courses-app-angular\\admin-control\\node_modules\\.bin\\.jiti-f51vIylt',
21 silly reify   'E:\\Programming\\ITI\\FINAL PROJECT\\courses-app-angular\\admin-control\\node_modules\\.bin\\jiti.cmd': 'E:\\Programming\\ITI\\FINAL PROJECT\\courses-app-angular\\admin-control\\node_modules\\.bin\\.jiti.cmd-fnjZnPpS',
21 silly reify   'E:\\Programming\\ITI\\FINAL PROJECT\\courses-app-angular\\admin-control\\node_modules\\.bin\\jiti.ps1': 'E:\\Programming\\ITI\\FINAL PROJECT\\courses-app-angular\\admin-control\\node_modules\\.bin\\.jiti.ps1-6GpD9pcW',
21 silly reify   'E:\\Programming\\ITI\\FINAL PROJECT\\courses-app-angular\\admin-control\\node_modules\\lightningcss': 'E:\\Programming\\ITI\\FINAL PROJECT\\courses-app-angular\\admin-control\\node_modules\\.lightningcss-4dQDDLrm',
21 silly reify   'E:\\Programming\\ITI\\FINAL PROJECT\\courses-app-angular\\admin-control\\node_modules\\lightningcss-win32-x64-msvc': 'E:\\Programming\\ITI\\FINAL PROJECT\\courses-app-angular\\admin-control\\node_modules\\.lightningcss-win32-x64-msvc-PEV5CNjg',
21 silly reify   'E:\\Programming\\ITI\\FINAL PROJECT\\courses-app-angular\\admin-control\\node_modules\\vite': 'E:\\Programming\\ITI\\FINAL PROJECT\\courses-app-angular\\admin-control\\node_modules\\.vite-7tVNeRdP',
21 silly reify   'E:\\Programming\\ITI\\FINAL PROJECT\\courses-app-angular\\admin-control\\node_modules\\.bin\\vite': 'E:\\Programming\\ITI\\FINAL PROJECT\\courses-app-angular\\admin-control\\node_modules\\.bin\\.vite-aN7Q0bxd',
21 silly reify   'E:\\Programming\\ITI\\FINAL PROJECT\\courses-app-angular\\admin-control\\node_modules\\.bin\\vite.cmd': 'E:\\Programming\\ITI\\FINAL PROJECT\\courses-app-angular\\admin-control\\node_modules\\.bin\\.vite.cmd-yw8I9wC2',
21 silly reify   'E:\\Programming\\ITI\\FINAL PROJECT\\courses-app-angular\\admin-control\\node_modules\\.bin\\vite.ps1': 'E:\\Programming\\ITI\\FINAL PROJECT\\courses-app-angular\\admin-control\\node_modules\\.bin\\.vite.ps1-m0ZLt8N7',
21 silly reify   'E:\\Programming\\ITI\\FINAL PROJECT\\courses-app-angular\\admin-control\\node_modules\\yaml': 'E:\\Programming\\ITI\\FINAL PROJECT\\courses-app-angular\\admin-control\\node_modules\\.yaml-5UU43uMq',
21 silly reify   'E:\\Programming\\ITI\\FINAL PROJECT\\courses-app-angular\\admin-control\\node_modules\\.bin\\yaml': 'E:\\Programming\\ITI\\FINAL PROJECT\\courses-app-angular\\admin-control\\node_modules\\.bin\\.yaml-JteXB0Bf',
21 silly reify   'E:\\Programming\\ITI\\FINAL PROJECT\\courses-app-angular\\admin-control\\node_modules\\.bin\\yaml.cmd': 'E:\\Programming\\ITI\\FINAL PROJECT\\courses-app-angular\\admin-control\\node_modules\\.bin\\.yaml.cmd-5Cyydlfp',
21 silly reify   'E:\\Programming\\ITI\\FINAL PROJECT\\courses-app-angular\\admin-control\\node_modules\\.bin\\yaml.ps1': 'E:\\Programming\\ITI\\FINAL PROJECT\\courses-app-angular\\admin-control\\node_modules\\.bin\\.yaml.ps1-Yld05bsF'
21 silly reify }
22 silly audit bulk request {
22 silly audit   '@ampproject/remapping': [ '2.3.0' ],
22 silly audit   '@angular-devkit/architect': [ '0.1902.5' ],
22 silly audit   rxjs: [ '7.8.1', '7.8.2' ],
22 silly audit   '@angular-devkit/build-angular': [ '19.2.5' ],
22 silly audit   autoprefixer: [ '10.4.20', '10.4.16' ],
22 silly audit   postcss: [ '8.5.2', '8.5.3', '8.4.31' ],
22 silly audit   '@angular-devkit/build-webpack': [ '0.1902.5' ],
22 silly audit   '@angular-devkit/core': [ '19.2.5' ],
22 silly audit   '@angular-devkit/schematics': [ '19.2.5' ],
22 silly audit   '@angular/build': [ '19.2.5' ],
22 silly audit   vite: [ '6.2.3' ],
22 silly audit   '@angular/cli': [ '19.2.5' ],
22 silly audit   '@angular/common': [ '19.2.4' ],
22 silly audit   '@angular/compiler': [ '19.2.4' ],
22 silly audit   '@angular/compiler-cli': [ '19.2.4' ],
22 silly audit   '@babel/core': [ '7.26.9', '7.26.10' ],
22 silly audit   'convert-source-map': [ '2.0.0', '1.9.0' ],
22 silly audit   semver: [ '6.3.1', '5.7.2', '7.7.1' ],
22 silly audit   '@angular/core': [ '19.2.4' ],
22 silly audit   '@angular/forms': [ '19.2.4' ],
22 silly audit   '@angular/platform-browser': [ '19.2.4' ],
22 silly audit   '@angular/platform-browser-dynamic': [ '19.2.4' ],
22 silly audit   '@angular/router': [ '19.2.4' ],
22 silly audit   '@babel/code-frame': [ '7.26.2' ],
22 silly audit   '@babel/compat-data': [ '7.26.8' ],
22 silly audit   '@babel/generator': [ '7.26.10', '7.27.0' ],
22 silly audit   '@babel/helper-annotate-as-pure': [ '7.25.9' ],
22 silly audit   '@babel/helper-compilation-targets': [ '7.27.0' ],
22 silly audit   '@babel/helper-create-class-features-plugin': [ '7.27.0' ],
22 silly audit   '@babel/helper-create-regexp-features-plugin': [ '7.27.0' ],
22 silly audit   '@babel/helper-define-polyfill-provider': [ '0.6.4' ],
22 silly audit   '@babel/helper-member-expression-to-functions': [ '7.25.9' ],
22 silly audit   '@babel/helper-module-imports': [ '7.25.9' ],
22 silly audit   '@babel/helper-module-transforms': [ '7.26.0' ],
22 silly audit   '@babel/helper-optimise-call-expression': [ '7.25.9' ],
22 silly audit   '@babel/helper-plugin-utils': [ '7.26.5' ],
22 silly audit   '@babel/helper-remap-async-to-generator': [ '7.25.9' ],
22 silly audit   '@babel/helper-replace-supers': [ '7.26.5' ],
22 silly audit   '@babel/helper-skip-transparent-expression-wrappers': [ '7.25.9' ],
22 silly audit   '@babel/helper-split-export-declaration': [ '7.24.7' ],
22 silly audit   '@babel/helper-string-parser': [ '7.25.9' ],
22 silly audit   '@babel/helper-validator-identifier': [ '7.25.9' ],
22 silly audit   '@babel/helper-validator-option': [ '7.25.9' ],
22 silly audit   '@babel/helper-wrap-function': [ '7.25.9' ],
22 silly audit   '@babel/helpers': [ '7.27.0' ],
22 silly audit   '@babel/parser': [ '7.27.0' ],
22 silly audit   '@babel/plugin-bugfix-firefox-class-in-computed-class-key': [ '7.25.9' ],
22 silly audit   '@babel/plugin-bugfix-safari-class-field-initializer-scope': [ '7.25.9' ],
22 silly audit   '@babel/plugin-bugfix-safari-id-destructuring-collision-in-function-expression': [ '7.25.9' ],
22 silly audit   '@babel/plugin-bugfix-v8-spread-parameters-in-optional-chaining': [ '7.25.9' ],
22 silly audit   '@babel/plugin-bugfix-v8-static-class-fields-redefine-readonly': [ '7.25.9' ],
22 silly audit   '@babel/plugin-proposal-private-property-in-object': [ '7.21.0-placeholder-for-preset-env.2' ],
22 silly audit   '@babel/plugin-syntax-import-assertions': [ '7.26.0' ],
22 silly audit   '@babel/plugin-syntax-import-attributes': [ '7.26.0' ],
22 silly audit   '@babel/plugin-syntax-unicode-sets-regex': [ '7.18.6' ],
22 silly audit   '@babel/plugin-transform-arrow-functions': [ '7.25.9' ],
22 silly audit   '@babel/plugin-transform-async-generator-functions': [ '7.26.8' ],
22 silly audit   '@babel/plugin-transform-async-to-generator': [ '7.25.9' ],
22 silly audit   '@babel/plugin-transform-block-scoped-functions': [ '7.26.5' ],
22 silly audit   '@babel/plugin-transform-block-scoping': [ '7.27.0' ],
22 silly audit   '@babel/plugin-transform-class-properties': [ '7.25.9' ],
22 silly audit   '@babel/plugin-transform-class-static-block': [ '7.26.0' ],
22 silly audit   '@babel/plugin-transform-classes': [ '7.25.9' ],
22 silly audit   '@babel/plugin-transform-computed-properties': [ '7.25.9' ],
22 silly audit   '@babel/plugin-transform-destructuring': [ '7.25.9' ],
22 silly audit   '@babel/plugin-transform-dotall-regex': [ '7.25.9' ],
22 silly audit   '@babel/plugin-transform-duplicate-keys': [ '7.25.9' ],
22 silly audit   '@babel/plugin-transform-duplicate-named-capturing-groups-regex': [ '7.25.9' ],
22 silly audit   '@babel/plugin-transform-dynamic-import': [ '7.25.9' ],
22 silly audit   '@babel/plugin-transform-exponentiation-operator': [ '7.26.3' ],
22 silly audit   '@babel/plugin-transform-export-namespace-from': [ '7.25.9' ],
22 silly audit   '@babel/plugin-transform-for-of': [ '7.26.9' ],
22 silly audit   '@babel/plugin-transform-function-name': [ '7.25.9' ],
22 silly audit   '@babel/plugin-transform-json-strings': [ '7.25.9' ],
22 silly audit   '@babel/plugin-transform-literals': [ '7.25.9' ],
22 silly audit   '@babel/plugin-transform-logical-assignment-operators': [ '7.25.9' ],
22 silly audit   '@babel/plugin-transform-member-expression-literals': [ '7.25.9' ],
22 silly audit   '@babel/plugin-transform-modules-amd': [ '7.25.9' ],
22 silly audit   '@babel/plugin-transform-modules-commonjs': [ '7.26.3' ],
22 silly audit   '@babel/plugin-transform-modules-systemjs': [ '7.25.9' ],
22 silly audit   '@babel/plugin-transform-modules-umd': [ '7.25.9' ],
22 silly audit   '@babel/plugin-transform-named-capturing-groups-regex': [ '7.25.9' ],
22 silly audit   '@babel/plugin-transform-new-target': [ '7.25.9' ],
22 silly audit   '@babel/plugin-transform-nullish-coalescing-operator': [ '7.26.6' ],
22 silly audit   '@babel/plugin-transform-numeric-separator': [ '7.25.9' ],
22 silly audit   '@babel/plugin-transform-object-rest-spread': [ '7.25.9' ],
22 silly audit   '@babel/plugin-transform-object-super': [ '7.25.9' ],
22 silly audit   '@babel/plugin-transform-optional-catch-binding': [ '7.25.9' ],
22 silly audit   '@babel/plugin-transform-optional-chaining': [ '7.25.9' ],
22 silly audit   '@babel/plugin-transform-parameters': [ '7.25.9' ],
22 silly audit   '@babel/plugin-transform-private-methods': [ '7.25.9' ],
22 silly audit   '@babel/plugin-transform-private-property-in-object': [ '7.25.9' ],
22 silly audit   '@babel/plugin-transform-property-literals': [ '7.25.9' ],
22 silly audit   '@babel/plugin-transform-regenerator': [ '7.27.0' ],
22 silly audit   '@babel/plugin-transform-regexp-modifiers': [ '7.26.0' ],
22 silly audit   '@babel/plugin-transform-reserved-words': [ '7.25.9' ],
22 silly audit   '@babel/plugin-transform-runtime': [ '7.26.10' ],
22 silly audit   '@babel/plugin-transform-shorthand-properties': [ '7.25.9' ],
22 silly audit   '@babel/plugin-transform-spread': [ '7.25.9' ],
22 silly audit   '@babel/plugin-transform-sticky-regex': [ '7.25.9' ],
22 silly audit   '@babel/plugin-transform-template-literals': [ '7.26.8' ],
22 silly audit   '@babel/plugin-transform-typeof-symbol': [ '7.27.0' ],
22 silly audit   '@babel/plugin-transform-unicode-escapes': [ '7.25.9' ],
22 silly audit   '@babel/plugin-transform-unicode-property-regex': [ '7.25.9' ],
22 silly audit   '@babel/plugin-transform-unicode-regex': [ '7.25.9' ],
22 silly audit   '@babel/plugin-transform-unicode-sets-regex': [ '7.25.9' ],
22 silly audit   '@babel/preset-env': [ '7.26.9' ],
22 silly audit   '@babel/preset-modules': [ '0.1.6-no-external-plugins' ],
22 silly audit   '@babel/runtime': [ '7.26.10' ],
22 silly audit   '@babel/template': [ '7.27.0' ],
22 silly audit   '@babel/traverse': [ '7.27.0' ],
22 silly audit   '@babel/types': [ '7.27.0' ],
22 silly audit   '@colors/colors': [ '1.5.0' ],
22 silly audit   '@discoveryjs/json-ext': [ '0.6.3' ],
22 silly audit   '@esbuild/win32-x64': [ '0.25.1' ],
22 silly audit   '@fortawesome/angular-fontawesome': [ '1.0.0' ],
22 silly audit   '@fortawesome/fontawesome-common-types': [ '6.7.2' ],
22 silly audit   '@fortawesome/fontawesome-svg-core': [ '6.7.2' ],
22 silly audit   '@fortawesome/free-solid-svg-icons': [ '6.7.2' ],
22 silly audit   '@inquirer/checkbox': [ '4.1.4' ],
22 silly audit   '@inquirer/confirm': [ '5.1.6' ],
22 silly audit   '@inquirer/core': [ '10.1.9' ],
22 silly audit   '@inquirer/editor': [ '4.2.9' ],
22 silly audit   '@inquirer/expand': [ '4.0.11' ],
22 silly audit   '@inquirer/figures': [ '1.0.11' ],
22 silly audit   '@inquirer/input': [ '4.1.8' ],
22 silly audit   '@inquirer/number': [ '3.0.11' ],
22 silly audit   '@inquirer/password': [ '4.0.11' ],
22 silly audit   '@inquirer/prompts': [ '7.3.2' ],
22 silly audit   '@inquirer/rawlist': [ '4.0.11' ],
22 silly audit   '@inquirer/search': [ '3.0.11' ],
22 silly audit   '@inquirer/select': [ '4.1.0' ],
22 silly audit   '@inquirer/type': [ '3.0.5', '1.5.5' ],
22 silly audit   '@isaacs/cliui': [ '8.0.2' ],
22 silly audit   'ansi-styles': [ '6.2.1', '4.3.0' ],
22 silly audit   'emoji-regex': [ '9.2.2', '8.0.0', '10.4.0' ],
22 silly audit   'string-width': [ '5.1.2', '4.2.3', '7.2.0' ],
22 silly audit   'wrap-ansi': [ '8.1.0', '7.0.0', '9.0.0', '6.2.0' ],
22 silly audit   '@isaacs/fs-minipass': [ '4.0.1' ],
22 silly audit   '@istanbuljs/schema': [ '0.1.3' ],
22 silly audit   '@jridgewell/gen-mapping': [ '0.3.8' ],
22 silly audit   '@jridgewell/resolve-uri': [ '3.1.2' ],
22 silly audit   '@jridgewell/set-array': [ '1.2.1' ],
22 silly audit   '@jridgewell/source-map': [ '0.3.6' ],
22 silly audit   '@jridgewell/sourcemap-codec': [ '1.5.0' ],
22 silly audit   '@jridgewell/trace-mapping': [ '0.3.25' ],
22 silly audit   '@jsonjoy.com/base64': [ '1.1.2' ],
22 silly audit   '@jsonjoy.com/json-pack': [ '1.2.0' ],
22 silly audit   '@jsonjoy.com/util': [ '1.5.0' ],
22 silly audit   '@leichtgewicht/ip-codec': [ '2.0.5' ],
22 silly audit   '@listr2/prompt-adapter-inquirer': [ '2.0.18' ],
22 silly audit   'mute-stream': [ '1.0.0', '2.0.0' ],
22 silly audit   '@lmdb/lmdb-win32-x64': [ '3.2.6' ],
22 silly audit   '@msgpackr-extract/msgpackr-extract-win32-x64': [ '3.0.3' ],
22 silly audit   '@napi-rs/nice': [ '1.0.1' ],
22 silly audit   '@napi-rs/nice-win32-x64-msvc': [ '1.0.1' ],
22 silly audit   '@ngtools/webpack': [ '19.2.5' ],
22 silly audit   '@nodelib/fs.scandir': [ '2.1.5' ],
22 silly audit   '@nodelib/fs.stat': [ '2.0.5' ],
22 silly audit   '@nodelib/fs.walk': [ '1.2.8' ],
22 silly audit   '@npmcli/agent': [ '3.0.0' ],
22 silly audit   'lru-cache': [ '10.4.3', '5.1.1' ],
22 silly audit   '@npmcli/fs': [ '4.0.0' ],
22 silly audit   '@npmcli/git': [ '6.0.3' ],
22 silly audit   isexe: [ '3.1.1', '2.0.0' ],
22 silly audit   which: [ '5.0.0', '2.0.2', '1.3.1' ],
22 silly audit   '@npmcli/installed-package-contents': [ '3.0.0' ],
22 silly audit   '@npmcli/node-gyp': [ '4.0.0' ],
22 silly audit   '@npmcli/package-json': [ '6.1.1' ],
22 silly audit   'brace-expansion': [ '2.0.1', '1.1.11' ],
22 silly audit   glob: [ '10.4.5', '7.2.3' ],
22 silly audit   minimatch: [ '9.0.5', '3.1.2' ],
22 silly audit   '@npmcli/promise-spawn': [ '8.0.2' ],
22 silly audit   '@npmcli/redact': [ '3.1.1' ],
22 silly audit   '@npmcli/run-script': [ '9.1.0' ],
22 silly audit   '@parcel/watcher': [ '2.5.1' ],
22 silly audit   '@parcel/watcher-win32-x64': [ '2.5.1' ],
22 silly audit   'detect-libc': [ '1.0.3', '2.0.3' ],
22 silly audit   'node-addon-api': [ '7.1.1', '6.1.0' ],
22 silly audit   '@pkgjs/parseargs': [ '0.11.0' ],
22 silly audit   '@rollup/rollup-win32-x64-msvc': [ '4.34.8' ],
22 silly audit   '@schematics/angular': [ '19.2.5' ],
22 silly audit   '@sigstore/bundle': [ '3.1.0' ],
22 silly audit   '@sigstore/core': [ '2.0.0' ],
22 silly audit   '@sigstore/protobuf-specs': [ '0.4.0' ],
22 silly audit   '@sigstore/sign': [ '3.1.0' ],
22 silly audit   '@sigstore/tuf': [ '3.1.0' ],
22 silly audit   '@sigstore/verify': [ '2.1.0' ],
22 silly audit   '@sindresorhus/merge-streams': [ '2.3.0' ],
22 silly audit   '@socket.io/component-emitter': [ '3.1.2' ],
22 silly audit   '@tufjs/canonical-json': [ '2.0.0' ],
22 silly audit   '@tufjs/models': [ '3.0.1' ],
22 silly audit   '@types/body-parser': [ '1.19.5' ],
22 silly audit   '@types/bonjour': [ '3.5.13' ],
22 silly audit   '@types/connect': [ '3.4.38' ],
22 silly audit   '@types/connect-history-api-fallback': [ '1.5.4' ],
22 silly audit   '@types/cors': [ '2.8.17' ],
22 silly audit   '@types/eslint': [ '9.6.1' ],
22 silly audit   '@types/eslint-scope': [ '3.7.7' ],
22 silly audit   '@types/estree': [ '1.0.6' ],
22 silly audit   '@types/express': [ '4.17.21' ],
22 silly audit   '@types/express-serve-static-core': [ '5.0.6', '4.19.6' ],
22 silly audit   '@types/http-errors': [ '2.0.4' ],
22 silly audit   '@types/http-proxy': [ '1.17.16' ],
22 silly audit   '@types/jasmine': [ '5.1.7' ],
22 silly audit   '@types/json-schema': [ '7.0.15' ],
22 silly audit   '@types/mime': [ '1.3.5' ],
22 silly audit   '@types/node': [ '22.13.17' ],
22 silly audit   '@types/node-forge': [ '1.3.11' ],
22 silly audit   '@types/qs': [ '6.9.18' ],
22 silly audit   '@types/range-parser': [ '1.2.7' ],
22 silly audit   '@types/retry': [ '0.12.2' ],
22 silly audit   '@types/send': [ '0.17.4' ],
22 silly audit   '@types/serve-index': [ '1.9.4' ],
22 silly audit   '@types/serve-static': [ '1.15.7' ],
22 silly audit   '@types/sockjs': [ '0.3.36' ],
22 silly audit   '@types/ws': [ '8.18.1' ],
22 silly audit   '@vitejs/plugin-basic-ssl': [ '1.2.0' ],
22 silly audit   '@webassemblyjs/ast': [ '1.14.1' ],
22 silly audit   '@webassemblyjs/floating-point-hex-parser': [ '1.13.2' ],
22 silly audit   '@webassemblyjs/helper-api-error': [ '1.13.2' ],
22 silly audit   '@webassemblyjs/helper-buffer': [ '1.14.1' ],
22 silly audit   '@webassemblyjs/helper-numbers': [ '1.13.2' ],
22 silly audit   '@webassemblyjs/helper-wasm-bytecode': [ '1.13.2' ],
22 silly audit   '@webassemblyjs/helper-wasm-section': [ '1.14.1' ],
22 silly audit   '@webassemblyjs/ieee754': [ '1.13.2' ],
22 silly audit   '@webassemblyjs/leb128': [ '1.13.2' ],
22 silly audit   '@webassemblyjs/utf8': [ '1.13.2' ],
22 silly audit   '@webassemblyjs/wasm-edit': [ '1.14.1' ],
22 silly audit   '@webassemblyjs/wasm-gen': [ '1.14.1' ],
22 silly audit   '@webassemblyjs/wasm-opt': [ '1.14.1' ],
22 silly audit   '@webassemblyjs/wasm-parser': [ '1.14.1' ],
22 silly audit   '@webassemblyjs/wast-printer': [ '1.14.1' ],
22 silly audit   '@xtuc/ieee754': [ '1.2.0' ],
22 silly audit   '@xtuc/long': [ '4.2.2' ],
22 silly audit   '@yarnpkg/lockfile': [ '1.1.0' ],
22 silly audit   abbrev: [ '3.0.0' ],
22 silly audit   accepts: [ '1.3.8' ],
22 silly audit   negotiator: [ '0.6.3', '0.6.4', '1.0.0' ],
22 silly audit   acorn: [ '8.14.1' ],
22 silly audit   'adjust-sourcemap-loader': [ '4.0.0' ],
22 silly audit   'loader-utils': [ '2.0.4', '3.3.1' ],
22 silly audit   'agent-base': [ '7.1.3' ],
22 silly audit   ajv: [ '8.17.1' ],
22 silly audit   'ajv-formats': [ '3.0.1', '2.1.1' ],
22 silly audit   'ajv-keywords': [ '5.1.0' ],
22 silly audit   'ansi-colors': [ '4.1.3' ],
22 silly audit   'ansi-escapes': [ '4.3.2', '7.0.0' ],
22 silly audit   'ansi-html-community': [ '0.0.8' ],
22 silly audit   'ansi-regex': [ '6.1.0', '5.0.1' ],
22 silly audit   'any-promise': [ '1.3.0' ],
22 silly audit   anymatch: [ '3.1.3' ],
22 silly audit   picomatch: [ '2.3.1', '4.0.2' ],
22 silly audit   arg: [ '5.0.2' ],
22 silly audit   argparse: [ '2.0.1' ],
22 silly audit   'array-flatten': [ '1.1.1' ],
22 silly audit   'babel-loader': [ '9.2.1' ],
22 silly audit   'babel-plugin-polyfill-corejs2': [ '0.4.13' ],
22 silly audit   'babel-plugin-polyfill-corejs3': [ '0.11.1' ],
22 silly audit   'babel-plugin-polyfill-regenerator': [ '0.6.4' ],
22 silly audit   'balanced-match': [ '1.0.2' ],
22 silly audit   'base64-js': [ '1.5.1' ],
22 silly audit   base64id: [ '2.0.0' ],
22 silly audit   batch: [ '0.6.1' ],
22 silly audit   beasties: [ '0.2.0' ],
22 silly audit   'big.js': [ '5.2.2' ],
22 silly audit   'binary-extensions': [ '2.3.0' ],
22 silly audit   bl: [ '4.1.0' ],
22 silly audit   'body-parser': [ '1.20.3' ],
22 silly audit   debug: [ '2.6.9', '4.4.0', '4.3.7' ],
22 silly audit   ms: [ '2.0.0', '2.1.3' ],
22 silly audit   'bonjour-service': [ '1.3.0' ],
22 silly audit   boolbase: [ '1.0.0' ],
22 silly audit   braces: [ '3.0.3' ],
22 silly audit   browserslist: [ '4.24.4' ],
22 silly audit   buffer: [ '5.7.1' ],
22 silly audit   'buffer-from': [ '1.1.2' ],
22 silly audit   'bundle-name': [ '4.1.0' ],
22 silly audit   bytes: [ '3.1.2' ],
22 silly audit   cacache: [ '19.0.1' ],
22 silly audit   chownr: [ '3.0.0', '2.0.0' ],
22 silly audit   mkdirp: [ '3.0.1', '0.5.6', '1.0.4' ],
22 silly audit   tar: [ '7.4.3', '6.2.1' ],
22 silly audit   yallist: [ '5.0.0', '4.0.0', '3.1.1' ],
22 silly audit   'call-bind-apply-helpers': [ '1.0.2' ],
22 silly audit   'call-bound': [ '1.0.4' ],
22 silly audit   callsites: [ '3.1.0' ],
22 silly audit   'camelcase-css': [ '2.0.1' ],
22 silly audit   'caniuse-lite': [ '1.0.30001707' ],
22 silly audit   chalk: [ '4.1.2' ],
22 silly audit   chardet: [ '0.7.0' ],
22 silly audit   chokidar: [ '4.0.3', '3.6.0' ],
22 silly audit   'chrome-trace-event': [ '1.0.4' ],
22 silly audit   'cli-cursor': [ '5.0.0', '3.1.0' ],
22 silly audit   'cli-spinners': [ '2.9.2' ],
22 silly audit   'cli-truncate': [ '4.0.0' ],
22 silly audit   'cli-width': [ '4.1.0' ],
22 silly audit   cliui: [ '8.0.1', '7.0.4' ],
22 silly audit   'is-fullwidth-code-point': [ '3.0.0', '4.0.0', '5.0.0' ],
22 silly audit   'strip-ansi': [ '6.0.1', '7.1.0' ],
22 silly audit   clone: [ '1.0.4' ],
22 silly audit   'clone-deep': [ '4.0.1' ],
22 silly audit   'is-plain-object': [ '2.0.4', '5.0.0' ],
22 silly audit   'color-convert': [ '2.0.1' ],
22 silly audit   'color-name': [ '1.1.4' ],
22 silly audit   colorette: [ '2.0.20' ],
22 silly audit   commander: [ '2.20.3', '4.1.1' ],
22 silly audit   'common-path-prefix': [ '3.0.0' ],
22 silly audit   compressible: [ '2.0.18' ],
22 silly audit   compression: [ '1.8.0' ],
22 silly audit   'concat-map': [ '0.0.1' ],
22 silly audit   connect: [ '3.7.0' ],
22 silly audit   'connect-history-api-fallback': [ '2.0.0' ],
22 silly audit   'content-disposition': [ '0.5.4' ],
22 silly audit   'content-type': [ '1.0.5' ],
22 silly audit   cookie: [ '0.7.2', '0.7.1' ],
22 silly audit   'cookie-signature': [ '1.0.6' ],
22 silly audit   'copy-anything': [ '2.0.6' ],
22 silly audit   'copy-webpack-plugin': [ '12.0.2' ],
22 silly audit   'core-js-compat': [ '3.41.0' ],
22 silly audit   'core-util-is': [ '1.0.3' ],
22 silly audit   cors: [ '2.8.5' ],
22 silly audit   cosmiconfig: [ '9.0.0' ],
22 silly audit   'cross-spawn': [ '7.0.6' ],
22 silly audit   'css-loader': [ '7.1.2' ],
22 silly audit   'css-select': [ '5.1.0' ],
22 silly audit   'css-what': [ '6.1.0' ],
22 silly audit   cssesc: [ '3.0.0' ],
22 silly audit   'custom-event': [ '1.0.1' ],
22 silly audit   'date-format': [ '4.0.14' ],
22 silly audit   'default-browser': [ '5.2.1' ],
22 silly audit   'default-browser-id': [ '5.0.0' ],
22 silly audit   defaults: [ '1.0.4' ],
22 silly audit   'define-lazy-prop': [ '3.0.0' ],
22 silly audit   depd: [ '2.0.0', '1.1.2' ],
22 silly audit   destroy: [ '1.2.0' ],
22 silly audit   'detect-node': [ '2.1.0' ],
22 silly audit   di: [ '0.0.1' ],
22 silly audit   didyoumean: [ '1.2.2' ],
22 silly audit   dlv: [ '1.1.3' ],
22 silly audit   'dns-packet': [ '5.6.1' ],
22 silly audit   'dom-serialize': [ '2.2.1' ],
22 silly audit   'dom-serializer': [ '2.0.0' ],
22 silly audit   domelementtype: [ '2.3.0' ],
22 silly audit   domhandler: [ '5.0.3' ],
22 silly audit   domutils: [ '3.2.2' ],
22 silly audit   'dunder-proto': [ '1.0.1' ],
22 silly audit   eastasianwidth: [ '0.2.0' ],
22 silly audit   'ee-first': [ '1.1.1' ],
22 silly audit   'electron-to-chromium': [ '1.5.129' ],
22 silly audit   'emojis-list': [ '3.0.0' ],
22 silly audit   encodeurl: [ '1.0.2', '2.0.0' ],
22 silly audit   encoding: [ '0.1.13' ],
22 silly audit   'iconv-lite': [ '0.6.3', '0.4.24' ],
22 silly audit   'engine.io': [ '6.6.4' ],
22 silly audit   'engine.io-parser': [ '5.2.3' ],
22 silly audit   'enhanced-resolve': [ '5.18.1' ],
22 silly audit   ent: [ '2.2.2' ],
22 silly audit   entities: [ '4.5.0' ],
22 silly audit   'env-paths': [ '2.2.1' ],
22 silly audit   environment: [ '1.1.0' ],
22 silly audit   'err-code': [ '2.0.3' ],
22 silly audit   errno: [ '0.1.8' ],
22 silly audit   'error-ex': [ '1.3.2' ],
22 silly audit   'es-define-property': [ '1.0.1' ],
22 silly audit   'es-errors': [ '1.3.0' ],
22 silly audit   'es-module-lexer': [ '1.6.0' ],
22 silly audit   'es-object-atoms': [ '1.1.1' ],
22 silly audit   esbuild: [ '0.25.1' ],
22 silly audit   'esbuild-wasm': [ '0.25.1' ],
22 silly audit   escalade: [ '3.2.0' ],
22 silly audit   'escape-html': [ '1.0.3' ],
22 silly audit   'eslint-scope': [ '5.1.1' ],
22 silly audit   esrecurse: [ '4.3.0' ],
22 silly audit   estraverse: [ '5.3.0', '4.3.0' ],
22 silly audit   esutils: [ '2.0.3' ],
22 silly audit   etag: [ '1.8.1' ],
22 silly audit   eventemitter3: [ '4.0.7', '5.0.1' ],
22 silly audit   events: [ '3.3.0' ],
22 silly audit   'exponential-backoff': [ '3.1.2' ],
22 silly audit   express: [ '4.21.2' ],
22 silly audit   finalhandler: [ '1.3.1', '1.1.2' ],
22 silly audit   statuses: [ '2.0.1', '1.5.0' ],
22 silly audit   extend: [ '3.0.2' ],
22 silly audit   'external-editor': [ '3.1.0' ],
22 silly audit   'fast-deep-equal': [ '3.1.3' ],
22 silly audit   'fast-glob': [ '3.3.3' ],
22 silly audit   'glob-parent': [ '5.1.2', '6.0.2' ],
22 silly audit   'fast-uri': [ '3.0.6' ],
22 silly audit   fastq: [ '1.19.1' ],
22 silly audit   'faye-websocket': [ '0.11.4' ],
22 silly audit   fdir: [ '6.4.3' ],
22 silly audit   'fill-range': [ '7.1.1' ],
22 silly audit   'on-finished': [ '2.3.0', '2.4.1' ],
22 silly audit   'find-cache-dir': [ '4.0.0' ],
22 silly audit   'find-up': [ '6.3.0' ],
22 silly audit   flat: [ '5.0.2' ],
22 silly audit   flatted: [ '3.3.3' ],
22 silly audit   'follow-redirects': [ '1.15.9' ],
22 silly audit   'foreground-child': [ '3.3.1' ],
22 silly audit   forwarded: [ '0.2.0' ],
22 silly audit   'fraction.js': [ '4.3.7' ],
22 silly audit   fresh: [ '0.5.2' ],
22 silly audit   'fs-extra': [ '8.1.0' ],
22 silly audit   'fs-minipass': [ '3.0.3', '2.1.0' ],
22 silly audit   'fs.realpath': [ '1.0.0' ],
22 silly audit   fsevents: [ '2.3.3' ],
22 silly audit   'function-bind': [ '1.1.2' ],
22 silly audit   gensync: [ '1.0.0-beta.2' ],
22 silly audit   'get-caller-file': [ '2.0.5' ],
22 silly audit   'get-east-asian-width': [ '1.3.0' ],
22 silly audit   'get-intrinsic': [ '1.3.0' ],
22 silly audit   'get-proto': [ '1.0.1' ],
22 silly audit   'glob-to-regexp': [ '0.4.1' ],
22 silly audit   globals: [ '11.12.0' ],
22 silly audit   globby: [ '14.1.0' ],
22 silly audit   gopd: [ '1.2.0' ],
22 silly audit   'graceful-fs': [ '4.2.11' ],
22 silly audit   'handle-thing': [ '2.0.1' ],
22 silly audit   'has-flag': [ '4.0.0' ],
22 silly audit   'has-symbols': [ '1.1.0' ],
22 silly audit   'has-tostringtag': [ '1.0.2' ],
22 silly audit   hasown: [ '2.0.2' ],
22 silly audit   'hosted-git-info': [ '8.0.2' ],
22 silly audit   'hpack.js': [ '2.1.6' ],
22 silly audit   'readable-stream': [ '2.3.8', '3.6.2' ],
22 silly audit   'safe-buffer': [ '5.1.2', '5.2.1' ],
22 silly audit   string_decoder: [ '1.1.1', '1.3.0' ],
22 silly audit   'html-escaper': [ '2.0.2' ],
22 silly audit   htmlparser2: [ '9.1.0' ],
22 silly audit   'http-cache-semantics': [ '4.1.1' ],
22 silly audit   'http-deceiver': [ '1.2.7' ],
22 silly audit   'http-errors': [ '2.0.0', '1.6.3' ],
22 silly audit   'http-parser-js': [ '0.5.9' ],
22 silly audit   'http-proxy': [ '1.18.1' ],
22 silly audit   'http-proxy-agent': [ '7.0.2' ],
22 silly audit   'http-proxy-middleware': [ '3.0.3', '2.0.7' ],
22 silly audit   'https-proxy-agent': [ '7.0.6' ],
22 silly audit   hyperdyperid: [ '1.2.0' ],
22 silly audit   'icss-utils': [ '5.1.0' ],
22 silly audit   ieee754: [ '1.2.1' ],
22 silly audit   ignore: [ '7.0.3' ],
22 silly audit   'ignore-walk': [ '7.0.0' ],
22 silly audit   'image-size': [ '0.5.5' ],
22 silly audit   immutable: [ '5.1.1' ],
22 silly audit   'import-fresh': [ '3.3.1' ],
22 silly audit   imurmurhash: [ '0.1.4' ],
22 silly audit   inflight: [ '1.0.6' ],
22 silly audit   inherits: [ '2.0.4', '2.0.3' ],
22 silly audit   ini: [ '5.0.0' ],
22 silly audit   'ip-address': [ '9.0.5' ],
22 silly audit   'ipaddr.js': [ '2.2.0', '1.9.1' ],
22 silly audit   'is-arrayish': [ '0.2.1' ],
22 silly audit   'is-binary-path': [ '2.1.0' ],
22 silly audit   'is-core-module': [ '2.16.1' ],
22 silly audit   'is-docker': [ '3.0.0' ],
22 silly audit   'is-extglob': [ '2.1.1' ],
22 silly audit   'is-glob': [ '4.0.3' ],
22 silly audit   'is-inside-container': [ '1.0.0' ],
22 silly audit   'is-interactive': [ '1.0.0' ],
22 silly audit   'is-network-error': [ '1.1.0' ],
22 silly audit   'is-number': [ '7.0.0' ],
22 silly audit   'is-plain-obj': [ '3.0.0' ],
22 silly audit   'is-regex': [ '1.2.1' ],
22 silly audit   'is-unicode-supported': [ '0.1.0' ],
22 silly audit   'is-what': [ '3.14.1' ],
22 silly audit   'is-wsl': [ '3.1.0' ],
22 silly audit   isarray: [ '1.0.0' ],
22 silly audit   isbinaryfile: [ '4.0.10' ],
22 silly audit   isobject: [ '3.0.1' ],
22 silly audit   'istanbul-lib-coverage': [ '3.2.2' ],
22 silly audit   'istanbul-lib-instrument': [ '6.0.3', '5.2.1' ],
22 silly audit   'istanbul-lib-report': [ '3.0.1' ],
22 silly audit   'istanbul-lib-source-maps': [ '4.0.1' ],
22 silly audit   'source-map': [ '0.6.1', '0.7.4' ],
22 silly audit   'istanbul-reports': [ '3.1.7' ],
22 silly audit   jackspeak: [ '3.4.3' ],
22 silly audit   'jasmine-core': [ '5.6.0', '4.6.1' ],
22 silly audit   'jest-worker': [ '27.5.1' ],
22 silly audit   'supports-color': [ '8.1.1', '7.2.0' ],
22 silly audit   jiti: [ '1.21.7' ],
22 silly audit   'js-tokens': [ '4.0.0' ],
22 silly audit   'js-yaml': [ '4.1.0' ],
22 silly audit   jsbn: [ '1.1.0' ],
22 silly audit   jsesc: [ '3.1.0', '3.0.2' ],
22 silly audit   'json-parse-even-better-errors': [ '4.0.0', '2.3.1' ],
22 silly audit   'json-schema-traverse': [ '1.0.0' ],
22 silly audit   json5: [ '2.2.3' ],
22 silly audit   'jsonc-parser': [ '3.3.1' ],
22 silly audit   jsonfile: [ '4.0.0' ],
22 silly audit   jsonparse: [ '1.3.1' ],
22 silly audit   karma: [ '6.4.4' ],
22 silly audit   'karma-chrome-launcher': [ '3.2.0' ],
22 silly audit   'karma-coverage': [ '2.2.1' ],
22 silly audit   'karma-jasmine': [ '5.1.0' ],
22 silly audit   'karma-jasmine-html-reporter': [ '2.1.0' ],
22 silly audit   'karma-source-map-support': [ '1.4.0' ],
22 silly audit   readdirp: [ '3.6.0', '4.1.2' ],
22 silly audit   tmp: [ '0.2.3', '0.0.33' ],
22 silly audit   yargs: [ '16.2.0', '17.7.2' ],
22 silly audit   'yargs-parser': [ '20.2.9', '21.1.1' ],
22 silly audit   'kind-of': [ '6.0.3' ],
22 silly audit   'launch-editor': [ '2.10.0' ],
22 silly audit   less: [ '4.2.2' ],
22 silly audit   'less-loader': [ '12.2.0' ],
22 silly audit   'make-dir': [ '2.1.0', '4.0.0' ],
22 silly audit   mime: [ '1.6.0', '2.6.0' ],
22 silly audit   'license-webpack-plugin': [ '4.0.2' ],
22 silly audit   lilconfig: [ '2.1.0' ],
22 silly audit   'lines-and-columns': [ '1.2.4' ],
22 silly audit   listr2: [ '8.2.5' ],
22 silly audit   lmdb: [ '3.2.6' ],
22 silly audit   'loader-runner': [ '4.3.0' ],
22 silly audit   'locate-path': [ '7.2.0' ],
22 silly audit   lodash: [ '4.17.21' ],
22 silly audit   'lodash.debounce': [ '4.0.8' ],
22 silly audit   'log-symbols': [ '4.1.0' ],
22 silly audit   'log-update': [ '6.1.0' ],
22 silly audit   'slice-ansi': [ '7.1.0', '5.0.0' ],
22 silly audit   log4js: [ '6.9.1' ],
22 silly audit   'magic-string': [ '0.30.17' ],
22 silly audit   'make-fetch-happen': [ '14.0.3' ],
22 silly audit   'math-intrinsics': [ '1.1.0' ],
22 silly audit   'media-typer': [ '0.3.0' ],
22 silly audit   memfs: [ '4.17.0' ],
22 silly audit   'merge-descriptors': [ '1.0.3' ],
22 silly audit   'merge-stream': [ '2.0.0' ],
22 silly audit   merge2: [ '1.4.1' ],
22 silly audit   methods: [ '1.1.2' ],
22 silly audit   micromatch: [ '4.0.8' ],
22 silly audit   'mime-db': [ '1.52.0' ],
22 silly audit   'mime-types': [ '2.1.35' ],
22 silly audit   'mimic-fn': [ '2.1.0' ],
22 silly audit   'mimic-function': [ '5.0.1' ],
22 silly audit   'mini-css-extract-plugin': [ '2.9.2' ],
22 silly audit   'minimalistic-assert': [ '1.0.1' ],
22 silly audit   minimist: [ '1.2.8' ],
22 silly audit   minipass: [ '7.1.2', '3.3.6', '5.0.0' ],
22 silly audit   'minipass-collect': [ '2.0.1' ],
22 silly audit   'minipass-fetch': [ '4.0.1' ],
22 silly audit   'minipass-flush': [ '1.0.5' ],
22 silly audit   'minipass-pipeline': [ '1.2.4' ],
22 silly audit   'minipass-sized': [ '1.0.3' ],
22 silly audit   minizlib: [ '3.0.2', '2.1.2' ],
22 silly audit   mrmime: [ '2.0.1' ],
22 silly audit   msgpackr: [ '1.11.2' ],
22 silly audit   'msgpackr-extract': [ '3.0.3' ],
22 silly audit   'multicast-dns': [ '7.2.5' ],
22 silly audit   mz: [ '2.7.0' ],
22 silly audit   nanoid: [ '3.3.11' ],
22 silly audit   needle: [ '3.3.1' ],
22 silly audit   'neo-async': [ '2.6.2' ],
22 silly audit   'node-forge': [ '1.3.1' ],
22 silly audit   'node-gyp': [ '11.2.0' ],
22 silly audit   'node-gyp-build-optional-packages': [ '5.2.2' ],
22 silly audit   'node-releases': [ '2.0.19' ],
22 silly audit   nopt: [ '8.1.0' ],
22 silly audit   'normalize-path': [ '3.0.0' ],
22 silly audit   'normalize-range': [ '0.1.2' ],
22 silly audit   'npm-bundled': [ '4.0.0' ],
22 silly audit   'npm-install-checks': [ '7.1.1' ],
22 silly audit   'npm-normalize-package-bin': [ '4.0.0' ],
22 silly audit   'npm-package-arg': [ '12.0.2' ],
22 silly audit   'npm-packlist': [ '9.0.0' ],
22 silly audit   'npm-pick-manifest': [ '10.0.0' ],
22 silly audit   'npm-registry-fetch': [ '18.0.2' ],
22 silly audit   'nth-check': [ '2.1.1' ],
22 silly audit   'object-assign': [ '4.1.1' ],
22 silly audit   'object-hash': [ '3.0.0' ],
22 silly audit   'object-inspect': [ '1.13.4' ],
22 silly audit   obuf: [ '1.1.2' ],
22 silly audit   'on-headers': [ '1.0.2' ],
22 silly audit   once: [ '1.4.0' ],
22 silly audit   onetime: [ '7.0.0', '5.1.2' ],
22 silly audit   open: [ '10.1.0' ],
22 silly audit   ora: [ '5.4.1' ],
22 silly audit   'restore-cursor': [ '3.1.0', '5.1.0' ],
22 silly audit   'signal-exit': [ '3.0.7', '4.1.0' ],
22 silly audit   'ordered-binary': [ '1.5.3' ],
22 silly audit   'os-tmpdir': [ '1.0.2' ],
22 silly audit   'p-limit': [ '4.0.0' ],
22 silly audit   'p-locate': [ '6.0.0' ],
22 silly audit   'p-map': [ '7.0.3' ],
22 silly audit   'p-retry': [ '6.2.1' ],
22 silly audit   retry: [ '0.13.1', '0.12.0' ],
22 silly audit   'package-json-from-dist': [ '1.0.1' ],
22 silly audit   pacote: [ '20.0.0' ],
22 silly audit   'parent-module': [ '1.0.1' ],
22 silly audit   'parse-json': [ '5.2.0' ],
22 silly audit   'parse-node-version': [ '1.0.1' ],
22 silly audit   parse5: [ '7.2.1' ],
22 silly audit   'parse5-html-rewriting-stream': [ '7.0.0' ],
22 silly audit   'parse5-sax-parser': [ '7.0.0' ],
22 silly audit   parseurl: [ '1.3.3' ],
22 silly audit   'path-exists': [ '5.0.0' ],
22 silly audit   'path-is-absolute': [ '1.0.1' ],
22 silly audit   'path-key': [ '3.1.1' ],
22 silly audit   'path-parse': [ '1.0.7' ],
22 silly audit   'path-scurry': [ '1.11.1' ],
22 silly audit   'path-to-regexp': [ '0.1.12' ],
22 silly audit   'path-type': [ '6.0.0' ],
22 silly audit   picocolors: [ '1.1.1' ],
22 silly audit   pify: [ '4.0.1', '2.3.0' ],
22 silly audit   pirates: [ '4.0.7' ],
22 silly audit   piscina: [ '4.8.0' ],
22 silly audit   'pkg-dir': [ '7.0.0' ],
22 silly audit   'postcss-import': [ '14.1.0' ],
22 silly audit   'postcss-js': [ '4.0.1' ],
22 silly audit   'postcss-load-config': [ '3.1.4' ],
22 silly audit   yaml: [ '1.10.2' ],
22 silly audit   'postcss-loader': [ '8.1.1' ],
22 silly audit   'postcss-media-query-parser': [ '0.2.3' ],
22 silly audit   'postcss-modules-extract-imports': [ '3.1.0' ],
22 silly audit   'postcss-modules-local-by-default': [ '4.2.0' ],
22 silly audit   'postcss-selector-parser': [ '7.1.0', '6.1.2' ],
22 silly audit   'postcss-modules-scope': [ '3.2.1' ],
22 silly audit   'postcss-modules-values': [ '4.0.0' ],
22 silly audit   'postcss-nested': [ '6.0.0' ],
22 silly audit   'postcss-value-parser': [ '4.2.0' ],
22 silly audit   'proc-log': [ '5.0.0' ],
22 silly audit   'process-nextick-args': [ '2.0.1' ],
22 silly audit   'promise-retry': [ '2.0.1' ],
22 silly audit   'proxy-addr': [ '2.0.7' ],
22 silly audit   prr: [ '1.0.1' ],
22 silly audit   punycode: [ '1.4.1' ],
22 silly audit   qjobs: [ '1.2.0' ],
22 silly audit   qs: [ '6.13.0' ],
22 silly audit   'queue-microtask': [ '1.2.3' ],
22 silly audit   'quick-lru': [ '5.1.1' ],
22 silly audit   randombytes: [ '2.1.0' ],
22 silly audit   'range-parser': [ '1.2.1' ],
22 silly audit   'raw-body': [ '2.5.2' ],
22 silly audit   'read-cache': [ '1.0.0' ],
22 silly audit   'reflect-metadata': [ '0.2.2' ],
22 silly audit   regenerate: [ '1.4.2' ],
22 silly audit   'regenerate-unicode-properties': [ '10.2.0' ],
22 silly audit   'regenerator-runtime': [ '0.14.1' ],
22 silly audit   'regenerator-transform': [ '0.15.2' ],
22 silly audit   'regex-parser': [ '2.3.1' ],
22 silly audit   'regexpu-core': [ '6.2.0' ],
22 silly audit   regjsgen: [ '0.8.0' ],
22 silly audit   regjsparser: [ '0.12.0' ],
22 silly audit   'require-directory': [ '2.1.1' ],
22 silly audit   'require-from-string': [ '2.0.2' ],
22 silly audit   'requires-port': [ '1.0.0' ],
22 silly audit   resolve: [ '1.22.10' ],
22 silly audit   'resolve-from': [ '4.0.0' ],
22 silly audit   'resolve-url-loader': [ '5.0.0' ],
22 silly audit   reusify: [ '1.1.0' ],
22 silly audit   rfdc: [ '1.4.1' ],
22 silly audit   rimraf: [ '3.0.2' ],
22 silly audit   rollup: [ '4.34.8' ],
22 silly audit   'run-applescript': [ '7.0.0' ],
22 silly audit   'run-parallel': [ '1.2.0' ],
22 silly audit   'safe-regex-test': [ '1.1.0' ],
22 silly audit   'safer-buffer': [ '2.1.2' ],
22 silly audit   sass: [ '1.85.0' ],
22 silly audit   'sass-loader': [ '16.0.5' ],
22 silly audit   sax: [ '1.4.1' ],
22 silly audit   'schema-utils': [ '4.3.0' ],
22 silly audit   'select-hose': [ '2.0.0' ],
22 silly audit   selfsigned: [ '2.4.1' ],
22 silly audit   send: [ '0.19.0' ],
22 silly audit   'serialize-javascript': [ '6.0.2' ],
22 silly audit   'serve-index': [ '1.9.1' ],
22 silly audit   setprototypeof: [ '1.1.0', '1.2.0' ],
22 silly audit   'serve-static': [ '1.16.2' ],
22 silly audit   'shallow-clone': [ '3.0.1' ],
22 silly audit   'shebang-command': [ '2.0.0' ],
22 silly audit   'shebang-regex': [ '3.0.0' ],
22 silly audit   'shell-quote': [ '1.8.2' ],
22 silly audit   'side-channel': [ '1.1.0' ],
22 silly audit   'side-channel-list': [ '1.0.0' ],
22 silly audit   'side-channel-map': [ '1.0.1' ],
22 silly audit   'side-channel-weakmap': [ '1.0.2' ],
22 silly audit   sigstore: [ '3.1.0' ],
22 silly audit   slash: [ '5.1.0' ],
22 silly audit   'smart-buffer': [ '4.2.0' ],
22 silly audit   'socket.io': [ '4.8.1' ],
22 silly audit   'socket.io-adapter': [ '2.5.5' ],
22 silly audit   'socket.io-parser': [ '4.2.4' ],
22 silly audit   sockjs: [ '0.3.24' ],
22 silly audit   socks: [ '2.8.4' ],
22 silly audit   'socks-proxy-agent': [ '8.0.5' ],
22 silly audit   'source-map-js': [ '1.2.1' ],
22 silly audit   'source-map-loader': [ '5.0.0' ],
22 silly audit   'source-map-support': [ '0.5.21' ],
22 silly audit   'spdx-correct': [ '3.2.0' ],
22 silly audit   'spdx-exceptions': [ '2.5.0' ],
22 silly audit   'spdx-expression-parse': [ '3.0.1' ],
22 silly audit   'spdx-license-ids': [ '3.0.21' ],
22 silly audit   spdy: [ '4.0.2' ],
22 silly audit   'spdy-transport': [ '3.0.0' ],
22 silly audit   'sprintf-js': [ '1.1.3' ],
22 silly audit   ssri: [ '12.0.0' ],
22 silly audit   streamroller: [ '3.1.5' ],
22 silly audit   sucrase: [ '3.35.0' ],
22 silly audit   'supports-preserve-symlinks-flag': [ '1.0.0' ],
22 silly audit   'symbol-observable': [ '4.0.0' ],
22 silly audit   tailwindcss: [ '3.3.0' ],
22 silly audit   tapable: [ '2.2.1' ],
22 silly audit   terser: [ '5.39.0' ],
22 silly audit   'terser-webpack-plugin': [ '5.3.14' ],
22 silly audit   thenify: [ '3.3.1' ],
22 silly audit   'thenify-all': [ '1.6.0' ],
22 silly audit   thingies: [ '1.21.0' ],
22 silly audit   thunky: [ '1.1.0' ],
22 silly audit   tinyglobby: [ '0.2.12' ],
22 silly audit   'to-regex-range': [ '5.0.1' ],
22 silly audit   toidentifier: [ '1.0.1' ],
22 silly audit   'tree-dump': [ '1.0.2' ],
22 silly audit   'tree-kill': [ '1.2.2' ],
22 silly audit   'ts-interface-checker': [ '0.1.13' ],
22 silly audit   tslib: [ '2.8.1' ],
22 silly audit   'tuf-js': [ '3.0.1' ],
22 silly audit   'type-fest': [ '0.21.3' ],
22 silly audit   'type-is': [ '1.6.18' ],
22 silly audit   'typed-assert': [ '1.0.9' ],
22 silly audit   typescript: [ '5.7.3' ],
22 silly audit   'ua-parser-js': [ '0.7.40' ],
22 silly audit   'undici-types': [ '6.20.0' ],
22 silly audit   'unicode-canonical-property-names-ecmascript': [ '2.0.1' ],
22 silly audit   'unicode-match-property-ecmascript': [ '2.0.0' ],
22 silly audit   'unicode-match-property-value-ecmascript': [ '2.2.0' ],
22 silly audit   'unicode-property-aliases-ecmascript': [ '2.1.0' ],
22 silly audit   'unicorn-magic': [ '0.3.0' ],
22 silly audit   'unique-filename': [ '4.0.0' ],
22 silly audit   'unique-slug': [ '5.0.0' ],
22 silly audit   universalify: [ '0.1.2' ],
22 silly audit   unpipe: [ '1.0.0' ],
22 silly audit   'update-browserslist-db': [ '1.1.3' ],
22 silly audit   'util-deprecate': [ '1.0.2' ],
22 silly audit   'utils-merge': [ '1.0.1' ],
22 silly audit   uuid: [ '8.3.2' ],
22 silly audit   'validate-npm-package-license': [ '3.0.4' ],
22 silly audit   'validate-npm-package-name': [ '6.0.0' ],
22 silly audit   vary: [ '1.1.2' ],
22 silly audit   'void-elements': [ '2.0.1' ],
22 silly audit   watchpack: [ '2.4.2' ],
22 silly audit   wbuf: [ '1.7.3' ],
22 silly audit   wcwidth: [ '1.0.1' ],
22 silly audit   'weak-lru-cache': [ '1.2.2' ],
22 silly audit   webpack: [ '5.98.0' ],
22 silly audit   'webpack-dev-middleware': [ '7.4.2' ],
22 silly audit   'webpack-dev-server': [ '5.2.0' ],
22 silly audit   ws: [ '8.18.1', '8.17.1' ],
22 silly audit   'webpack-merge': [ '6.0.1' ],
22 silly audit   'webpack-sources': [ '3.2.3' ],
22 silly audit   'webpack-subresource-integrity': [ '5.1.0' ],
22 silly audit   'websocket-driver': [ '0.7.4' ],
22 silly audit   'websocket-extensions': [ '0.1.4' ],
22 silly audit   wildcard: [ '2.0.1' ],
22 silly audit   wrappy: [ '1.0.2' ],
22 silly audit   y18n: [ '5.0.8' ],
22 silly audit   'yocto-queue': [ '1.2.1' ],
22 silly audit   'yoctocolors-cjs': [ '2.1.2' ],
22 silly audit   'zone.js': [ '0.15.0' ],
22 silly audit   '@angular/animations': [ '19.2.5' ]
22 silly audit }
23 verbose reify failed optional dependency E:\Programming\ITI\FINAL PROJECT\courses-app-angular\admin-control\node_modules\fsevents
24 silly reify mark deleted [
24 silly reify   'E:\\Programming\\ITI\\FINAL PROJECT\\courses-app-angular\\admin-control\\node_modules\\fsevents'
24 silly reify ]
25 silly tarball no local data for @angular/animations@https://registry.npmjs.org/@angular/animations/-/animations-19.2.5.tgz. Extracting by manifest.
26 http fetch POST 200 https://registry.npmjs.org/-/npm/v1/security/advisories/bulk 623ms
27 silly audit report {
27 silly audit report   vite: [
27 silly audit report     {
27 silly audit report       id: 1103631,
27 silly audit report       url: 'https://github.com/advisories/GHSA-4r4m-qw57-chr8',
27 silly audit report       title: 'Vite has a `server.fs.deny` bypassed for `inline` and `raw` with `?import` query',
27 silly audit report       severity: 'moderate',
27 silly audit report       vulnerable_versions: '>=6.2.0 <6.2.4',
27 silly audit report       cwe: [Array],
27 silly audit report       cvss: [Object]
27 silly audit report     }
27 silly audit report   ]
27 silly audit report }
28 http fetch GET 200 https://registry.npmjs.org/vite 487ms (cache updated)
29 http fetch GET 200 https://registry.npmjs.org/@angular/animations/-/animations-19.2.5.tgz 1075ms (cache miss)
30 http fetch GET 200 https://registry.npmjs.org/@angular%2fbuild 1382ms (cache updated)
31 http fetch GET 200 https://registry.npmjs.org/@angular-devkit%2fbuild-angular 395ms (cache updated)
32 silly ADD node_modules/@angular/animations
33 silly ADD
34 silly REMOVE node_modules/yaml
35 silly REMOVE node_modules/vite
36 silly REMOVE node_modules/vite/node_modules/postcss
37 silly REMOVE node_modules/lightningcss-win32-x64-msvc
38 silly REMOVE node_modules/lightningcss
39 silly REMOVE node_modules/jiti
40 verbose exit 0
41 info ok
