0 verbose cli C:\Program Files\nodejs\node.exe C:\Program Files\nodejs\node_modules\npm\bin\npm-cli.js
1 info using npm@10.7.0
2 info using node@v20.14.0
3 silly config:load:file:C:\Program Files\nodejs\node_modules\npm\npmrc
4 silly config:load:file:E:\Programming\ITI\FINAL PROJECT\courses-app-angular\admin-control\.npmrc
5 silly config:load:file:C:\Users\MOON\.npmrc
6 silly config:load:file:C:\Users\MOON\AppData\Roaming\npm\etc\npmrc
7 verbose title npm install @angular/animations
8 verbose argv "install" "@angular/animations"
9 verbose logfile logs-max:10 dir:E:\Programming\ITI\FINAL PROJECT\courses-app-angular\admin-control\npm-cache\_logs\2025-04-06T16_27_15_381Z-
10 verbose logfile E:\Programming\ITI\FINAL PROJECT\courses-app-angular\admin-control\npm-cache\_logs\2025-04-06T16_27_15_381Z-debug-0.log
11 silly logfile done cleaning log files
12 silly idealTree buildDeps
13 silly fetch manifest @angular/animations@*
14 http fetch GET 200 https://registry.npmjs.org/@angular%2fanimations 1025ms (cache miss)
15 silly fetch manifest @angular/common@^19.2.0
16 http fetch GET 200 https://registry.npmjs.org/@angular%2fcommon 373ms (cache miss)
17 silly fetch manifest @angular/core@^19.2.0
18 http fetch GET 200 https://registry.npmjs.org/@angular%2fcore 510ms (cache miss)
19 silly fetch manifest rxjs@~7.8.0
20 http fetch GET 200 https://registry.npmjs.org/rxjs 165ms (cache miss)
21 silly fetch manifest zone.js@~0.15.0
22 http fetch GET 200 https://registry.npmjs.org/zone.js 121ms (cache miss)
23 verbose stack Error: could not resolve
23 verbose stack     at PlaceDep.failPeerConflict (C:\Program Files\nodejs\node_modules\npm\node_modules\@npmcli\arborist\lib\place-dep.js:503:25)
23 verbose stack     at new PlaceDep (C:\Program Files\nodejs\node_modules\npm\node_modules\@npmcli\arborist\lib\place-dep.js:157:21)
23 verbose stack     at #buildDepStep (C:\Program Files\nodejs\node_modules\npm\node_modules\@npmcli\arborist\lib\arborist\build-ideal-tree.js:939:18)
23 verbose stack     at async Arborist.buildIdealTree (C:\Program Files\nodejs\node_modules\npm\node_modules\@npmcli\arborist\lib\arborist\build-ideal-tree.js:203:7)
23 verbose stack     at async Promise.all (index 1)
23 verbose stack     at async Arborist.reify (C:\Program Files\nodejs\node_modules\npm\node_modules\@npmcli\arborist\lib\arborist\reify.js:131:5)
23 verbose stack     at async Install.exec (C:\Program Files\nodejs\node_modules\npm\lib\commands\install.js:150:5)
23 verbose stack     at async module.exports (C:\Program Files\nodejs\node_modules\npm\lib\cli\entry.js:74:5)
24 verbose cwd E:\Programming\ITI\FINAL PROJECT\courses-app-angular\admin-control
25 verbose Windows_NT 10.0.19045
26 verbose node v20.14.0
27 verbose npm  v10.7.0
28 error code ERESOLVE
29 error ERESOLVE could not resolve
30 error
31 error While resolving: admin-control@0.0.0
31 error Found: @angular/core@19.2.4[2m[22m
31 error [2mnode_modules/@angular/core[22m
31 error   [95mpeer[39m @angular/core@"19.2.4" from @angular/common@19.2.4[2m[22m
31 error   [2mnode_modules/@angular/common[22m
31 error     [95mpeer[39m @angular/common@"19.2.4" from @angular/forms@19.2.4[2m[22m
31 error     [2mnode_modules/@angular/forms[22m
31 error       @angular/forms@"^19.2.0" from the root project
31 error     [95mpeer[39m @angular/common@"19.2.4" from @angular/platform-browser@19.2.4[2m[22m
31 error     [2mnode_modules/@angular/platform-browser[22m
31 error       [95mpeer[39m @angular/platform-browser@"19.2.4" from @angular/forms@19.2.4[2m[22m
31 error       [2mnode_modules/@angular/forms[22m
31 error         @angular/forms@"^19.2.0" from the root project
31 error       3 more (@angular/platform-browser-dynamic, @angular/router, the root project)
31 error     3 more (@angular/platform-browser-dynamic, @angular/router, the root project)
31 error   [95mpeer[39m @angular/core@"19.2.4" from @angular/forms@19.2.4[2m[22m
31 error   [2mnode_modules/@angular/forms[22m
31 error     @angular/forms@"^19.2.0" from the root project
31 error   5 more (@angular/platform-browser, ...)
31 error
31 error Could not resolve dependency:
31 error @angular/animations@"*" from the root project
31 error
31 error Conflicting peer dependency: @angular/core@19.2.5[2m[22m
31 error [2mnode_modules/@angular/core[22m
31 error   [95mpeer[39m @angular/core@"19.2.5" from @angular/animations@19.2.5[2m[22m
31 error   [2mnode_modules/@angular/animations[22m
31 error     @angular/animations@"*" from the root project
31 error
31 error Fix the upstream dependency conflict, or retry
31 error this command with --force or --legacy-peer-deps
31 error to accept an incorrect (and potentially broken) dependency resolution.
32 error
32 error
32 error For a full report see:
32 error E:\Programming\ITI\FINAL PROJECT\courses-app-angular\admin-control\npm-cache\_logs\2025-04-06T16_27_15_381Z-eresolve-report.txt
33 verbose exit 1
34 verbose code 1
35 silly unfinished npm timer reify 1743956836071
36 silly unfinished npm timer reify:loadTrees 1743956836077
37 silly unfinished npm timer idealTree:buildDeps 1743956836632
38 silly unfinished npm timer idealTree:#root 1743956836633
39 error A complete log of this run can be found in: E:\Programming\ITI\FINAL PROJECT\courses-app-angular\admin-control\npm-cache\_logs\2025-04-06T16_27_15_381Z-debug-0.log
